# Sphinx version: 4.2.0
# Python version: 3.9.7 (CPython)
# Docutils version: 0.17.1 release
# Jinja2 version: 3.0.1
# Last messages:
#   building [rinoh]: all documents
#   updating environment:
#   0 added, 0 changed, 0 removed
#   looking for now-outdated files...
#   none found
#   processing book...
#   index
#   chapter_1
#   bibliography
#   resolving references...
# Loaded extensions:
#   sphinx.ext.mathjax (4.2.0) from /Users/drapp/opt/miniconda3/envs/rinoh_error/lib/python3.9/site-packages/sphinx/ext/mathjax.py
#   sphinxcontrib.applehelp (1.0.2) from /Users/drapp/opt/miniconda3/envs/rinoh_error/lib/python3.9/site-packages/sphinxcontrib/applehelp/__init__.py
#   sphinxcontrib.devhelp (1.0.2) from /Users/drapp/opt/miniconda3/envs/rinoh_error/lib/python3.9/site-packages/sphinxcontrib/devhelp/__init__.py
#   sphinxcontrib.htmlhelp (2.0.0) from /Users/drapp/opt/miniconda3/envs/rinoh_error/lib/python3.9/site-packages/sphinxcontrib/htmlhelp/__init__.py
#   sphinxcontrib.serializinghtml (1.1.5) from /Users/drapp/opt/miniconda3/envs/rinoh_error/lib/python3.9/site-packages/sphinxcontrib/serializinghtml/__init__.py
#   sphinxcontrib.qthelp (1.0.3) from /Users/drapp/opt/miniconda3/envs/rinoh_error/lib/python3.9/site-packages/sphinxcontrib/qthelp/__init__.py
#   alabaster (0.7.12) from /Users/drapp/opt/miniconda3/envs/rinoh_error/lib/python3.9/site-packages/alabaster/__init__.py
#   rinoh.frontend.sphinx (0.5.4) from /Users/drapp/opt/miniconda3/envs/rinoh_error/lib/python3.9/site-packages/rinoh/frontend/sphinx/__init__.py
#   myst_parser (0.15.2) from /Users/drapp/opt/miniconda3/envs/rinoh_error/lib/python3.9/site-packages/myst_parser/__init__.py
#   sphinxcontrib.bibtex (2.4.2a0) from /Users/drapp/opt/miniconda3/envs/rinoh_error/lib/python3.9/site-packages/sphinxcontrib/bibtex/__init__.py
#   sphinx.ext.graphviz (4.2.0) from /Users/drapp/opt/miniconda3/envs/rinoh_error/lib/python3.9/site-packages/sphinx/ext/graphviz.py
Traceback (most recent call last):
  File "/Users/drapp/opt/miniconda3/envs/rinoh_error/lib/python3.9/site-packages/rinoh/frontend/__init__.py", line 27, in map_node
    return cls._mapping[node_name.replace('-', '_')](node, **context)
KeyError: 'graphviz'

During handling of the above exception, another exception occurred:

Traceback (most recent call last):
  File "/Users/drapp/opt/miniconda3/envs/rinoh_error/lib/python3.9/site-packages/sphinx/cmd/build.py", line 280, in build_main
    app.build(args.force_all, filenames)
  File "/Users/drapp/opt/miniconda3/envs/rinoh_error/lib/python3.9/site-packages/sphinx/application.py", line 343, in build
    self.builder.build_update()
  File "/Users/drapp/opt/miniconda3/envs/rinoh_error/lib/python3.9/site-packages/sphinx/builders/__init__.py", line 290, in build_update
    self.build(['__all__'], to_build)
  File "/Users/drapp/opt/miniconda3/envs/rinoh_error/lib/python3.9/site-packages/sphinx/builders/__init__.py", line 357, in build
    self.write(docnames, list(updated_docnames), method)
  File "/Users/drapp/opt/miniconda3/envs/rinoh_error/lib/python3.9/site-packages/rinoh/frontend/sphinx/__init__.py", line 251, in write
    self.write_document(entry)
  File "/Users/drapp/opt/miniconda3/envs/rinoh_error/lib/python3.9/site-packages/rinoh/frontend/sphinx/__init__.py", line 257, in write_document
    rinoh_document = self.construct_rinohtype_document(data)
  File "/Users/drapp/opt/miniconda3/envs/rinoh_error/lib/python3.9/site-packages/rinoh/frontend/sphinx/__init__.py", line 273, in construct_rinohtype_document
    rinoh_tree = from_doctree(doctree, sphinx_builder=self)
  File "/Users/drapp/opt/miniconda3/envs/rinoh_error/lib/python3.9/site-packages/rinoh/frontend/rst/__init__.py", line 144, in from_doctree
    return mapped_tree.flowable()
  File "/Users/drapp/opt/miniconda3/envs/rinoh_error/lib/python3.9/site-packages/rinoh/frontend/__init__.py", line 132, in flowable
    flowable, = self.flowables()
  File "/Users/drapp/opt/miniconda3/envs/rinoh_error/lib/python3.9/site-packages/rinoh/frontend/rst/__init__.py", line 102, in flowables
    for flowable in super().flowables():
  File "/Users/drapp/opt/miniconda3/envs/rinoh_error/lib/python3.9/site-packages/rinoh/frontend/__init__.py", line 137, in flowables
    for i, flowable in enumerate(self.build_flowables()):
  File "/Users/drapp/opt/miniconda3/envs/rinoh_error/lib/python3.9/site-packages/rinoh/frontend/__init__.py", line 146, in build_flowables
    yield self.build_flowable()
  File "/Users/drapp/opt/miniconda3/envs/rinoh_error/lib/python3.9/site-packages/rinoh/frontend/__init__.py", line 162, in build_flowable
    return self.grouped_flowables_class(self.children_flowables(),
  File "/Users/drapp/opt/miniconda3/envs/rinoh_error/lib/python3.9/site-packages/rinoh/frontend/__init__.py", line 125, in children_flowables
    return list(chain(*(item.flowables() for item in children)))
  File "/Users/drapp/opt/miniconda3/envs/rinoh_error/lib/python3.9/site-packages/rinoh/frontend/rst/__init__.py", line 102, in flowables
    for flowable in super().flowables():
  File "/Users/drapp/opt/miniconda3/envs/rinoh_error/lib/python3.9/site-packages/rinoh/frontend/__init__.py", line 137, in flowables
    for i, flowable in enumerate(self.build_flowables()):
  File "/Users/drapp/opt/miniconda3/envs/rinoh_error/lib/python3.9/site-packages/rinoh/frontend/__init__.py", line 146, in build_flowables
    yield self.build_flowable()
  File "/Users/drapp/opt/miniconda3/envs/rinoh_error/lib/python3.9/site-packages/rinoh/frontend/__init__.py", line 162, in build_flowable
    return self.grouped_flowables_class(self.children_flowables(),
  File "/Users/drapp/opt/miniconda3/envs/rinoh_error/lib/python3.9/site-packages/rinoh/frontend/__init__.py", line 125, in children_flowables
    return list(chain(*(item.flowables() for item in children)))
  File "/Users/drapp/opt/miniconda3/envs/rinoh_error/lib/python3.9/site-packages/rinoh/frontend/rst/__init__.py", line 102, in flowables
    for flowable in super().flowables():
  File "/Users/drapp/opt/miniconda3/envs/rinoh_error/lib/python3.9/site-packages/rinoh/frontend/__init__.py", line 137, in flowables
    for i, flowable in enumerate(self.build_flowables()):
  File "/Users/drapp/opt/miniconda3/envs/rinoh_error/lib/python3.9/site-packages/rinoh/frontend/__init__.py", line 146, in build_flowables
    yield self.build_flowable()
  File "/Users/drapp/opt/miniconda3/envs/rinoh_error/lib/python3.9/site-packages/rinoh/frontend/sphinx/nodes.py", line 236, in build_flowable
    return super().build_flowable(id='%' + self.get('docname'), **kwargs)
  File "/Users/drapp/opt/miniconda3/envs/rinoh_error/lib/python3.9/site-packages/rinoh/frontend/__init__.py", line 162, in build_flowable
    return self.grouped_flowables_class(self.children_flowables(),
  File "/Users/drapp/opt/miniconda3/envs/rinoh_error/lib/python3.9/site-packages/rinoh/frontend/__init__.py", line 125, in children_flowables
    return list(chain(*(item.flowables() for item in children)))
  File "/Users/drapp/opt/miniconda3/envs/rinoh_error/lib/python3.9/site-packages/rinoh/frontend/rst/__init__.py", line 102, in flowables
    for flowable in super().flowables():
  File "/Users/drapp/opt/miniconda3/envs/rinoh_error/lib/python3.9/site-packages/rinoh/frontend/__init__.py", line 137, in flowables
    for i, flowable in enumerate(self.build_flowables()):
  File "/Users/drapp/opt/miniconda3/envs/rinoh_error/lib/python3.9/site-packages/rinoh/frontend/__init__.py", line 146, in build_flowables
    yield self.build_flowable()
  File "/Users/drapp/opt/miniconda3/envs/rinoh_error/lib/python3.9/site-packages/rinoh/frontend/__init__.py", line 162, in build_flowable
    return self.grouped_flowables_class(self.children_flowables(),
  File "/Users/drapp/opt/miniconda3/envs/rinoh_error/lib/python3.9/site-packages/rinoh/frontend/__init__.py", line 124, in children_flowables
    children = self.getchildren()[skip_first:]
  File "/Users/drapp/opt/miniconda3/envs/rinoh_error/lib/python3.9/site-packages/rinoh/frontend/__init__.py", line 64, in getchildren
    return [self.map_node(child, **self.context)
  File "/Users/drapp/opt/miniconda3/envs/rinoh_error/lib/python3.9/site-packages/rinoh/frontend/__init__.py", line 64, in <listcomp>
    return [self.map_node(child, **self.context)
  File "/Users/drapp/opt/miniconda3/envs/rinoh_error/lib/python3.9/site-packages/rinoh/frontend/__init__.py", line 29, in map_node
    filename, line, node_name = cls.node_location(node)
AttributeError: type object 'Section' has no attribute 'node_location'
